[2022-06-03T21:42:44.685] [WARN] custom - Path: /favicon.ico, Method: GET
[2022-06-03T21:42:46.204] [WARN] custom - Path: /favicon.ico, Method: GET
[2022-06-03T21:42:48.966] [WARN] custom - Path: /alt=%22%22, Method: GET
[2022-06-03T21:42:49.023] [WARN] custom - Path: /favicon.ico, Method: GET
[2022-06-04T00:19:30.927] [WARN] custom - Path: /favicon.ico, Method: GET
[2022-06-04T00:19:32.035] [WARN] custom - Path: /favicon.ico, Method: GET
[2022-06-04T00:19:35.526] [WARN] custom - Path: /alt=%22%22, Method: GET
[2022-06-04T00:19:35.584] [WARN] custom - Path: /favicon.ico, Method: GET
[2022-06-04T00:21:07.916] [WARN] custom - Path: /alt=%22%22, Method: GET
[2022-06-04T00:21:07.981] [WARN] custom - Path: /favicon.ico, Method: GET
[2022-06-04T00:21:22.933] [WARN] custom - Path: /alt=%22%22, Method: GET
[2022-06-04T00:21:23.033] [WARN] custom - Path: /favicon.ico, Method: GET
[2022-06-04T00:22:27.487] [WARN] custom - Path: /alt=%22%22, Method: GET
[2022-06-04T00:22:28.015] [WARN] custom - Path: /favicon.ico, Method: GET
[2022-06-04T00:23:39.895] [WARN] custom - Path: /alt=%22%22, Method: GET
[2022-06-04T00:23:40.854] [WARN] custom - Path: /favicon.ico, Method: GET
[2022-06-04T00:23:57.417] [WARN] custom - Path: /alt=%22%22, Method: GET
[2022-06-04T00:23:57.981] [WARN] custom - Path: /favicon.ico, Method: GET
[2022-06-04T00:25:21.786] [WARN] custom - Path: /alt=%22%22, Method: GET
[2022-06-04T00:25:22.335] [WARN] custom - Path: /favicon.ico, Method: GET
[2022-06-04T00:26:45.011] [WARN] custom - Path: /alt=%22%22, Method: GET
[2022-06-04T00:26:45.556] [WARN] custom - Path: /favicon.ico, Method: GET
[2022-06-04T00:26:46.718] [WARN] custom - Path: /alt=%22%22, Method: GET
[2022-06-04T00:26:46.786] [WARN] custom - Path: /favicon.ico, Method: GET
[2022-06-04T00:39:09.814] [WARN] custom - Path: /favicon.ico, Method: GET
[2022-06-04T00:39:10.714] [WARN] custom - Path: /favicon.ico, Method: GET
[2022-06-04T00:39:14.009] [WARN] custom - Path: /alt=%22%22, Method: GET
[2022-06-04T00:39:14.530] [WARN] custom - Path: /favicon.ico, Method: GET
[2022-06-04T00:41:44.289] [WARN] custom - Path: /alt=%22%22, Method: GET
[2022-06-04T00:41:45.264] [WARN] custom - Path: /favicon.ico, Method: GET
[2022-06-04T00:44:05.180] [WARN] custom - Path: /alt=%22%22, Method: GET
[2022-06-04T00:44:05.289] [WARN] custom - Path: /favicon.ico, Method: GET
[2022-06-04T00:53:17.575] [WARN] custom - Path: /favicon.ico, Method: GET
[2022-06-04T00:53:19.037] [WARN] custom - Path: /favicon.ico, Method: GET
[2022-06-04T00:53:22.229] [WARN] custom - Path: /alt=%22%22, Method: GET
[2022-06-04T00:53:22.530] [WARN] custom - Path: /favicon.ico, Method: GET
[2022-06-04T00:53:28.192] [WARN] custom - Path: /alt=%22%22, Method: GET
[2022-06-04T00:53:28.526] [WARN] custom - Path: /favicon.ico, Method: GET
[2022-06-04T01:15:50.319] [WARN] custom - Path: /alt=%22%22, Method: GET
[2022-06-04T01:15:50.858] [WARN] custom - Path: /favicon.ico, Method: GET
[2022-06-04T01:17:12.627] [WARN] custom - Path: /alt=%22%22, Method: GET
[2022-06-04T01:17:13.483] [WARN] custom - Path: /favicon.ico, Method: GET
[2022-06-04T01:17:31.169] [WARN] custom - Path: /alt=%22%22, Method: GET
[2022-06-04T01:17:31.247] [WARN] custom - Path: /favicon.ico, Method: GET
[2022-06-04T01:21:15.406] [WARN] custom - Path: /alt=%22%22, Method: GET
[2022-06-04T01:21:15.694] [WARN] custom - Path: /favicon.ico, Method: GET
[2022-06-04T01:22:00.138] [WARN] custom - Path: /alt=%22%22, Method: GET
[2022-06-04T01:22:00.220] [WARN] custom - Path: /favicon.ico, Method: GET
[2022-06-04T01:29:13.807] [WARN] custom - Path: /alt=%22%22, Method: GET
[2022-06-04T01:29:14.094] [WARN] custom - Path: /favicon.ico, Method: GET
[2022-06-04T01:30:51.457] [WARN] custom - Path: /alt=%22%22, Method: GET
[2022-06-04T01:30:51.904] [WARN] custom - Path: /favicon.ico, Method: GET
[2022-06-04T01:52:19.603] [WARN] custom - Path: /alt=%22%22, Method: GET
[2022-06-04T01:52:19.985] [WARN] custom - Path: /favicon.ico, Method: GET
[2022-06-04T01:53:30.515] [WARN] custom - Path: /favicon.ico, Method: GET
[2022-06-04T01:53:31.765] [WARN] custom - Path: /favicon.ico, Method: GET
[2022-06-04T01:53:35.866] [WARN] custom - Path: /alt=%22%22, Method: GET
[2022-06-04T01:53:36.589] [WARN] custom - Path: /favicon.ico, Method: GET
[2022-06-04T02:00:51.001] [WARN] custom - Path: /alt=%22%22, Method: GET
[2022-06-04T02:00:51.426] [WARN] custom - Path: /favicon.ico, Method: GET
[2022-06-04T02:24:49.007] [WARN] custom - Path: /favicon.ico, Method: GET
[2022-06-04T02:24:50.198] [WARN] custom - Path: /favicon.ico, Method: GET
[2022-06-04T02:24:52.533] [WARN] custom - Path: /alt=%22%22, Method: GET
[2022-06-04T02:24:53.036] [WARN] custom - Path: /favicon.ico, Method: GET
[2022-06-04T02:27:51.944] [WARN] custom - Path: /alt=%22%22, Method: GET
[2022-06-04T02:27:52.466] [WARN] custom - Path: /favicon.ico, Method: GET
[2022-06-04T02:29:15.206] [WARN] custom - Path: /alt=%22%22, Method: GET
[2022-06-04T02:29:15.725] [WARN] custom - Path: /favicon.ico, Method: GET
[2022-06-04T02:32:35.888] [WARN] custom - Path: /favicon.ico, Method: GET
[2022-06-04T02:32:37.164] [WARN] custom - Path: /favicon.ico, Method: GET
[2022-06-04T02:32:41.664] [WARN] custom - Path: /alt=%22%22, Method: GET
[2022-06-04T02:32:41.974] [WARN] custom - Path: /favicon.ico, Method: GET
[2022-06-04T02:40:23.587] [WARN] custom - Path: /alt=%22%22, Method: GET
[2022-06-04T02:40:23.876] [WARN] custom - Path: /favicon.ico, Method: GET
[2022-06-04T02:43:47.009] [WARN] custom - Path: /alt=%22%22, Method: GET
[2022-06-04T02:43:47.554] [WARN] custom - Path: /favicon.ico, Method: GET
[2022-06-04T02:44:20.350] [WARN] custom - Path: /favicon.ico, Method: GET
[2022-06-04T02:44:21.336] [WARN] custom - Path: /favicon.ico, Method: GET
[2022-06-04T02:44:24.333] [WARN] custom - Path: /alt=%22%22, Method: GET
[2022-06-04T02:44:24.627] [WARN] custom - Path: /favicon.ico, Method: GET
[2022-06-04T02:46:37.813] [WARN] custom - Path: /alt=%22%22, Method: GET
[2022-06-04T02:46:38.384] [WARN] custom - Path: /favicon.ico, Method: GET
[2022-06-09T21:40:41.384] [WARN] custom - Path: /productos, Method: GET
[2022-06-09T21:40:41.747] [WARN] custom - Path: /favicon.ico, Method: GET
[2022-06-09T21:43:34.832] [WARN] custom - Path: /favicon.ico, Method: GET
[2022-06-22T22:54:01.163] [WARN] custom - Path: /favicon.ico, Method: GET
[2022-06-22T22:54:02.288] [WARN] custom - Path: /favicon.ico, Method: GET
[2022-06-22T22:54:04.953] [WARN] custom - Path: /alt=%22%22, Method: GET
[2022-06-22T22:54:04.984] [WARN] custom - Path: /productos, Method: GET
[2022-06-22T22:54:05.214] [WARN] custom - Path: /mensajes, Method: GET
[2022-06-22T22:54:05.216] [WARN] custom - Path: /favicon.ico, Method: GET
[2022-06-22T22:58:52.327] [WARN] custom - Path: /productos, Method: GET
[2022-06-22T22:58:52.476] [WARN] custom - Path: /mensajes, Method: GET
[2022-06-22T22:59:51.277] [WARN] custom - Path: /productos, Method: GET
[2022-06-22T22:59:51.510] [WARN] custom - Path: /mensajes, Method: GET
[2022-06-22T23:00:09.278] [WARN] custom - Path: /productos, Method: GET
[2022-06-22T23:00:09.503] [WARN] custom - Path: /mensajes, Method: GET
[2022-06-22T23:01:58.815] [WARN] custom - Path: /productos, Method: GET
[2022-06-22T23:01:59.061] [WARN] custom - Path: /mensajes, Method: GET
[2022-06-22T23:02:42.285] [WARN] custom - Path: /productos, Method: GET
[2022-06-22T23:02:43.053] [WARN] custom - Path: /mensajes, Method: GET
[2022-06-22T23:02:45.287] [WARN] custom - Path: /productos, Method: GET
[2022-06-22T23:02:45.525] [WARN] custom - Path: /mensajes, Method: GET
[2022-06-22T23:03:15.277] [WARN] custom - Path: /productos, Method: GET
[2022-06-22T23:03:15.508] [WARN] custom - Path: /mensajes, Method: GET
[2022-06-22T23:03:20.315] [WARN] custom - Path: /alt=%22%22, Method: GET
[2022-06-22T23:03:20.614] [WARN] custom - Path: /favicon.ico, Method: GET
[2022-06-22T23:04:05.956] [WARN] custom - Path: /alt=%22%22, Method: GET
[2022-06-22T23:04:06.438] [WARN] custom - Path: /favicon.ico, Method: GET
[2022-06-22T23:04:31.005] [WARN] custom - Path: /alt=%22%22, Method: GET
[2022-06-22T23:04:31.065] [WARN] custom - Path: /favicon.ico, Method: GET
[2022-06-22T23:06:23.352] [WARN] custom - Path: /alt=%22%22, Method: GET
[2022-06-22T23:06:23.660] [WARN] custom - Path: /favicon.ico, Method: GET
[2022-06-22T23:06:59.279] [WARN] custom - Path: /alt=%22%22, Method: GET
[2022-06-22T23:06:59.381] [WARN] custom - Path: /favicon.ico, Method: GET
[2022-06-22T23:08:30.050] [WARN] custom - Path: /alt=%22%22, Method: GET
[2022-06-22T23:08:30.350] [WARN] custom - Path: /favicon.ico, Method: GET
[2022-06-22T23:08:50.949] [WARN] custom - Path: /alt=%22%22, Method: GET
[2022-06-22T23:08:51.024] [WARN] custom - Path: /favicon.ico, Method: GET
[2022-06-22T23:09:12.047] [WARN] custom - Path: /alt=%22%22, Method: GET
[2022-06-22T23:09:12.339] [WARN] custom - Path: /favicon.ico, Method: GET
[2022-06-22T23:10:04.123] [WARN] custom - Path: /alt=%22%22, Method: GET
[2022-06-22T23:10:04.441] [WARN] custom - Path: /favicon.ico, Method: GET
[2022-06-22T23:10:34.944] [WARN] custom - Path: /alt=%22%22, Method: GET
[2022-06-22T23:10:35.218] [WARN] custom - Path: /favicon.ico, Method: GET
[2022-06-22T23:11:27.027] [WARN] custom - Path: /alt=%22%22, Method: GET
[2022-06-22T23:11:27.865] [WARN] custom - Path: /favicon.ico, Method: GET
[2022-06-22T23:11:55.435] [WARN] custom - Path: /alt=%22%22, Method: GET
[2022-06-22T23:11:55.723] [WARN] custom - Path: /favicon.ico, Method: GET
[2022-06-22T23:14:54.133] [WARN] custom - Path: /alt=%22%22, Method: GET
[2022-06-22T23:14:54.567] [WARN] custom - Path: /favicon.ico, Method: GET
[2022-06-22T23:16:13.405] [WARN] custom - Path: /alt=%22%22, Method: GET
[2022-06-22T23:16:13.729] [WARN] custom - Path: /favicon.ico, Method: GET
[2022-06-22T23:17:33.169] [WARN] custom - Path: /alt=%22%22, Method: GET
[2022-06-22T23:17:33.484] [WARN] custom - Path: /favicon.ico, Method: GET
[2022-06-22T23:18:06.942] [WARN] custom - Path: /home, Method: GET
[2022-06-22T23:18:07.918] [WARN] custom - Path: /favicon.ico, Method: GET
[2022-06-22T23:19:32.719] [WARN] custom - Path: /alt=%22%22, Method: GET
[2022-06-22T23:19:33.662] [WARN] custom - Path: /favicon.ico, Method: GET
[2022-06-22T23:24:43.991] [WARN] custom - Path: /alt=%22%22, Method: GET
[2022-06-22T23:24:44.272] [WARN] custom - Path: /favicon.ico, Method: GET
[2022-06-22T23:24:46.380] [WARN] custom - Path: /alt=%22%22, Method: GET
[2022-06-22T23:24:46.447] [WARN] custom - Path: /favicon.ico, Method: GET
[2022-06-22T23:24:57.180] [WARN] custom - Path: /alt=%22%22, Method: GET
[2022-06-22T23:24:57.406] [WARN] custom - Path: /favicon.ico, Method: GET
[2022-06-22T23:25:13.112] [WARN] custom - Path: /alt=%22%22, Method: GET
[2022-06-22T23:25:13.186] [WARN] custom - Path: /favicon.ico, Method: GET
[2022-06-22T23:25:29.617] [WARN] custom - Path: /alt=%22%22, Method: GET
[2022-06-22T23:25:29.911] [WARN] custom - Path: /favicon.ico, Method: GET
[2022-06-22T23:27:33.963] [WARN] custom - Path: /alt=%22%22, Method: GET
[2022-06-22T23:27:34.255] [WARN] custom - Path: /favicon.ico, Method: GET
[2022-06-22T23:28:40.744] [WARN] custom - Path: /alt=%22%22, Method: GET
[2022-06-22T23:28:41.022] [WARN] custom - Path: /favicon.ico, Method: GET
[2022-06-22T23:29:19.038] [WARN] custom - Path: /alt=%22%22, Method: GET
[2022-06-22T23:29:19.264] [WARN] custom - Path: /favicon.ico, Method: GET
[2022-06-22T23:29:38.842] [WARN] custom - Path: /alt=%22%22, Method: GET
[2022-06-22T23:29:38.921] [WARN] custom - Path: /favicon.ico, Method: GET
[2022-06-22T23:30:15.401] [WARN] custom - Path: /alt=%22%22, Method: GET
[2022-06-22T23:30:15.722] [WARN] custom - Path: /favicon.ico, Method: GET
[2022-06-22T23:30:47.753] [WARN] custom - Path: /alt=%22%22, Method: GET
[2022-06-22T23:30:47.824] [WARN] custom - Path: /favicon.ico, Method: GET
[2022-06-22T23:30:54.564] [WARN] custom - Path: /alt=%22%22, Method: GET
[2022-06-22T23:30:54.845] [WARN] custom - Path: /favicon.ico, Method: GET
[2022-06-22T23:32:28.739] [WARN] custom - Path: /alt=%22%22, Method: GET
[2022-06-22T23:32:29.028] [WARN] custom - Path: /favicon.ico, Method: GET
[2022-06-22T23:32:51.776] [WARN] custom - Path: /alt=%22%22, Method: GET
[2022-06-22T23:32:52.077] [WARN] custom - Path: /favicon.ico, Method: GET
[2022-06-22T23:35:51.362] [WARN] custom - Path: /alt=%22%22, Method: GET
[2022-06-22T23:35:51.446] [WARN] custom - Path: /favicon.ico, Method: GET
[2022-06-22T23:36:11.961] [WARN] custom - Path: /alt=%22%22, Method: GET
[2022-06-22T23:36:12.231] [WARN] custom - Path: /favicon.ico, Method: GET
[2022-06-22T23:37:06.783] [WARN] custom - Path: /alt=%22%22, Method: GET
[2022-06-22T23:37:07.093] [WARN] custom - Path: /favicon.ico, Method: GET
[2022-06-22T23:37:43.950] [WARN] custom - Path: /alt=%22%22, Method: GET
[2022-06-22T23:37:44.193] [WARN] custom - Path: /favicon.ico, Method: GET
[2022-06-22T23:38:17.955] [WARN] custom - Path: /alt=%22%22, Method: GET
[2022-06-22T23:38:18.263] [WARN] custom - Path: /favicon.ico, Method: GET
[2022-06-22T23:38:39.778] [WARN] custom - Path: /alt=%22%22, Method: GET
[2022-06-22T23:38:40.097] [WARN] custom - Path: /favicon.ico, Method: GET
[2022-06-22T23:39:41.042] [WARN] custom - Path: /alt=%22%22, Method: GET
[2022-06-22T23:39:41.321] [WARN] custom - Path: /favicon.ico, Method: GET
[2022-06-22T23:40:16.608] [WARN] custom - Path: /alt=%22%22, Method: GET
[2022-06-22T23:40:16.685] [WARN] custom - Path: /favicon.ico, Method: GET
[2022-06-22T23:40:28.900] [WARN] custom - Path: /alt=%22%22, Method: GET
[2022-06-22T23:40:29.195] [WARN] custom - Path: /favicon.ico, Method: GET
[2022-06-22T23:41:22.872] [WARN] custom - Path: /alt=%22%22, Method: GET
[2022-06-22T23:41:23.169] [WARN] custom - Path: /favicon.ico, Method: GET
[2022-06-22T23:43:09.351] [WARN] custom - Path: /alt=%22%22, Method: GET
[2022-06-22T23:43:10.064] [WARN] custom - Path: /favicon.ico, Method: GET
[2022-06-22T23:43:33.649] [WARN] custom - Path: /alt=%22%22, Method: GET
[2022-06-22T23:43:34.063] [WARN] custom - Path: /favicon.ico, Method: GET
[2022-06-22T23:44:00.973] [WARN] custom - Path: /alt=%22%22, Method: GET
[2022-06-22T23:44:01.283] [WARN] custom - Path: /favicon.ico, Method: GET
[2022-06-22T23:45:47.755] [WARN] custom - Path: /alt=%22%22, Method: GET
[2022-06-22T23:45:47.829] [WARN] custom - Path: /favicon.ico, Method: GET
[2022-06-22T23:46:43.416] [WARN] custom - Path: /alt=%22%22, Method: GET
[2022-06-22T23:46:44.125] [WARN] custom - Path: /favicon.ico, Method: GET
[2022-06-22T23:49:43.018] [WARN] custom - Path: /favicon.ico, Method: GET
[2022-06-23T00:04:46.958] [WARN] custom - Path: /favicon.ico, Method: GET
[2022-06-23T00:04:48.785] [WARN] custom - Path: /favicon.ico, Method: GET
[2022-06-23T00:04:51.217] [WARN] custom - Path: /alt=%22%22, Method: GET
[2022-06-23T00:04:51.324] [WARN] custom - Path: /favicon.ico, Method: GET
[2022-06-23T00:06:28.373] [WARN] custom - Path: /alt=%22%22, Method: GET
[2022-06-23T00:06:29.091] [WARN] custom - Path: /favicon.ico, Method: GET
[2022-06-23T00:09:47.446] [WARN] custom - Path: /alt=%22%22, Method: GET
[2022-06-23T00:09:47.516] [WARN] custom - Path: /favicon.ico, Method: GET
[2022-06-23T00:10:16.303] [WARN] custom - Path: /alt=%22%22, Method: GET
[2022-06-23T00:10:16.695] [WARN] custom - Path: /favicon.ico, Method: GET
[2022-06-23T00:10:50.320] [WARN] custom - Path: /alt=%22%22, Method: GET
[2022-06-23T00:10:51.395] [WARN] custom - Path: /favicon.ico, Method: GET
[2022-06-23T00:11:04.387] [WARN] custom - Path: /alt=%22%22, Method: GET
[2022-06-23T00:11:05.228] [WARN] custom - Path: /favicon.ico, Method: GET
[2022-06-23T00:11:22.632] [WARN] custom - Path: /alt=%22%22, Method: GET
[2022-06-23T00:11:22.700] [WARN] custom - Path: /favicon.ico, Method: GET
[2022-06-23T00:12:09.776] [WARN] custom - Path: /alt=%22%22, Method: GET
[2022-06-23T00:12:10.712] [WARN] custom - Path: /favicon.ico, Method: GET
[2022-06-23T00:12:37.293] [WARN] custom - Path: /alt=%22%22, Method: GET
[2022-06-23T00:12:37.610] [WARN] custom - Path: /favicon.ico, Method: GET
[2022-06-23T00:18:53.206] [WARN] custom - Path: /alt=%22%22, Method: GET
[2022-06-23T00:18:53.477] [WARN] custom - Path: /favicon.ico, Method: GET
[2022-06-23T00:19:17.538] [WARN] custom - Path: /alt=%22%22, Method: GET
[2022-06-23T00:19:17.836] [WARN] custom - Path: /favicon.ico, Method: GET
[2022-06-23T00:19:49.914] [WARN] custom - Path: /alt=%22%22, Method: GET
[2022-06-23T00:19:49.978] [WARN] custom - Path: /favicon.ico, Method: GET
[2022-06-23T00:20:03.444] [WARN] custom - Path: /alt=%22%22, Method: GET
[2022-06-23T00:20:04.271] [WARN] custom - Path: /favicon.ico, Method: GET
[2022-06-23T00:21:32.544] [WARN] custom - Path: /alt=%22%22, Method: GET
[2022-06-23T00:21:32.619] [WARN] custom - Path: /favicon.ico, Method: GET
[2022-06-23T00:21:41.614] [WARN] custom - Path: /alt=%22%22, Method: GET
[2022-06-23T00:21:41.905] [WARN] custom - Path: /favicon.ico, Method: GET
[2022-06-23T00:22:08.576] [WARN] custom - Path: /alt=%22%22, Method: GET
[2022-06-23T00:22:08.872] [WARN] custom - Path: /favicon.ico, Method: GET
[2022-06-23T00:23:16.435] [WARN] custom - Path: /alt=%22%22, Method: GET
[2022-06-23T00:23:16.712] [WARN] custom - Path: /favicon.ico, Method: GET
[2022-06-23T00:23:18.605] [WARN] custom - Path: /alt=%22%22, Method: GET
[2022-06-23T00:23:18.668] [WARN] custom - Path: /favicon.ico, Method: GET
[2022-06-23T00:24:06.941] [WARN] custom - Path: /alt=%22%22, Method: GET
[2022-06-23T00:24:07.218] [WARN] custom - Path: /favicon.ico, Method: GET
[2022-06-23T00:24:27.162] [WARN] custom - Path: /alt=%22%22, Method: GET
[2022-06-23T00:24:28.000] [WARN] custom - Path: /favicon.ico, Method: GET
[2022-06-23T00:24:40.478] [WARN] custom - Path: /favicon.ico, Method: GET
[2022-06-23T00:25:03.796] [WARN] custom - Path: /favicon.ico, Method: GET
[2022-06-23T00:25:38.129] [WARN] custom - Path: /favicon.ico, Method: GET
[2022-06-23T00:25:54.020] [WARN] custom - Path: /alt=%22%22, Method: GET
[2022-06-23T00:25:54.858] [WARN] custom - Path: /favicon.ico, Method: GET
[2022-06-23T00:27:04.276] [WARN] custom - Path: /alt=%22%22, Method: GET
[2022-06-23T00:27:04.559] [WARN] custom - Path: /favicon.ico, Method: GET
[2022-06-23T00:28:04.248] [WARN] custom - Path: /favicon.ico, Method: GET
[2022-06-23T00:29:05.013] [WARN] custom - Path: /favicon.ico, Method: GET
[2022-06-23T00:29:05.799] [WARN] custom - Path: /favicon.ico, Method: GET
[2022-06-23T00:29:09.260] [WARN] custom - Path: /favicon.ico, Method: GET
[2022-06-23T00:29:10.686] [WARN] custom - Path: /favicon.ico, Method: GET
[2022-06-23T00:29:17.321] [WARN] custom - Path: /alt=%22%22, Method: GET
[2022-06-23T00:29:17.396] [WARN] custom - Path: /favicon.ico, Method: GET
[2022-06-23T00:30:15.692] [WARN] custom - Path: /favicon.ico, Method: GET
[2022-06-23T00:30:21.746] [WARN] custom - Path: /favicon.ico, Method: GET
[2022-06-23T00:30:26.522] [WARN] custom - Path: /alt=%22%22, Method: GET
[2022-06-23T00:30:26.599] [WARN] custom - Path: /favicon.ico, Method: GET
[2022-06-23T00:30:39.215] [WARN] custom - Path: /alt=%22%22, Method: GET
[2022-06-23T00:30:39.285] [WARN] custom - Path: /favicon.ico, Method: GET
[2022-06-23T00:31:37.662] [WARN] custom - Path: /alt=%22%22, Method: GET
[2022-06-23T00:31:37.961] [WARN] custom - Path: /favicon.ico, Method: GET
[2022-06-23T00:32:12.058] [WARN] custom - Path: /alt=%22%22, Method: GET
[2022-06-23T00:32:12.349] [WARN] custom - Path: /favicon.ico, Method: GET
[2022-06-23T00:33:51.816] [WARN] custom - Path: /alt=%22%22, Method: GET
[2022-06-23T00:33:52.859] [WARN] custom - Path: /favicon.ico, Method: GET
[2022-06-23T00:34:03.358] [WARN] custom - Path: /alt=%22%22, Method: GET
[2022-06-23T00:34:03.431] [WARN] custom - Path: /favicon.ico, Method: GET
[2022-06-23T00:34:20.139] [WARN] custom - Path: /alt=%22%22, Method: GET
[2022-06-23T00:34:20.470] [WARN] custom - Path: /favicon.ico, Method: GET
[2022-06-23T00:34:26.788] [WARN] custom - Path: /asdasdasd, Method: GET
[2022-06-23T00:38:14.180] [WARN] custom - Path: /alt=%22%22, Method: GET
[2022-06-23T00:38:14.487] [WARN] custom - Path: /favicon.ico, Method: GET
[2022-06-23T00:38:20.678] [WARN] custom - Path: /asdasdasd, Method: GET
[2022-06-23T00:39:25.962] [WARN] custom - Path: /alt=%22%22, Method: GET
[2022-06-23T00:39:26.265] [WARN] custom - Path: /favicon.ico, Method: GET
[2022-06-23T00:39:54.758] [WARN] custom - Path: /alt=%22%22, Method: GET
[2022-06-23T00:39:55.614] [WARN] custom - Path: /favicon.ico, Method: GET
[2022-06-23T00:40:50.724] [WARN] custom - Path: /alt=%22%22, Method: GET
[2022-06-23T00:40:51.427] [WARN] custom - Path: /favicon.ico, Method: GET
[2022-06-23T00:43:46.303] [WARN] custom - Path: /alt=%22%22, Method: GET
[2022-06-23T00:43:47.021] [WARN] custom - Path: /favicon.ico, Method: GET
[2022-06-23T00:44:14.665] [WARN] custom - Path: /alt=%22%22, Method: GET
[2022-06-23T00:44:14.937] [WARN] custom - Path: /favicon.ico, Method: GET
[2022-06-23T00:45:01.713] [WARN] custom - Path: /alt=%22%22, Method: GET
[2022-06-23T00:45:02.758] [WARN] custom - Path: /favicon.ico, Method: GET
[2022-06-23T00:45:36.076] [WARN] custom - Path: /asdasdasdasd, Method: GET
[2022-06-23T00:45:39.957] [WARN] custom - Path: /asdasdasdasd, Method: GET
[2022-06-23T00:45:43.366] [WARN] custom - Path: /asdasdasdasd, Method: GET
[2022-06-23T00:45:48.318] [WARN] custom - Path: /asdasdasdasd, Method: GET
[2022-06-23T00:45:58.194] [WARN] custom - Path: /favicon.ico, Method: GET
[2022-06-23T00:46:20.330] [WARN] custom - Path: /favicon.ico, Method: GET
[2022-06-23T00:46:20.580] [WARN] custom - Path: /favicon.ico, Method: GET
[2022-06-23T00:46:21.023] [WARN] custom - Path: /favicon.ico, Method: GET
[2022-06-23T00:46:21.243] [WARN] custom - Path: /favicon.ico, Method: GET
[2022-06-23T00:46:21.545] [WARN] custom - Path: /favicon.ico, Method: GET
[2022-06-23T00:46:21.715] [WARN] custom - Path: /favicon.ico, Method: GET
[2022-06-23T00:46:21.843] [WARN] custom - Path: /favicon.ico, Method: GET
[2022-06-23T00:46:21.971] [WARN] custom - Path: /favicon.ico, Method: GET
[2022-06-23T00:46:22.199] [WARN] custom - Path: /favicon.ico, Method: GET
[2022-06-23T00:46:22.426] [WARN] custom - Path: /favicon.ico, Method: GET
[2022-06-23T00:46:23.069] [WARN] custom - Path: /favicon.ico, Method: GET
[2022-06-23T00:46:26.101] [WARN] custom - Path: /favicon.ico, Method: GET
[2022-06-23T00:46:26.926] [WARN] custom - Path: /favicon.ico, Method: GET
[2022-06-23T00:46:27.763] [WARN] custom - Path: /favicon.ico, Method: GET
[2022-06-23T00:46:28.139] [WARN] custom - Path: /favicon.ico, Method: GET
[2022-06-23T00:46:40.590] [WARN] custom - Path: /favicon.ico, Method: GET
[2022-06-23T00:46:41.187] [WARN] custom - Path: /favicon.ico, Method: GET
[2022-06-23T00:46:42.859] [WARN] custom - Path: /favicon.ico, Method: GET
[2022-06-23T00:46:45.620] [WARN] custom - Path: /favicon.ico, Method: GET
[2022-06-23T00:46:45.848] [WARN] custom - Path: /favicon.ico, Method: GET
[2022-06-23T00:46:46.096] [WARN] custom - Path: /favicon.ico, Method: GET
[2022-06-23T00:46:55.690] [WARN] custom - Path: /favicon.ico, Method: GET
[2022-06-23T00:46:56.441] [WARN] custom - Path: /favicon.ico, Method: GET
[2022-06-23T00:46:56.576] [WARN] custom - Path: /favicon.ico, Method: GET
[2022-06-23T00:46:57.525] [WARN] custom - Path: /favicon.ico, Method: GET
[2022-06-23T00:46:57.710] [WARN] custom - Path: /favicon.ico, Method: GET
[2022-06-23T00:46:58.257] [WARN] custom - Path: /favicon.ico, Method: GET
[2022-06-23T00:47:15.361] [WARN] custom - Path: /favicon.ico, Method: GET
[2022-06-23T00:47:15.556] [WARN] custom - Path: /favicon.ico, Method: GET
[2022-06-23T00:47:54.673] [WARN] custom - Path: /favicon.ico, Method: GET
[2022-06-23T00:47:54.844] [WARN] custom - Path: /favicon.ico, Method: GET
[2022-06-23T00:47:55.007] [WARN] custom - Path: /favicon.ico, Method: GET
[2022-06-23T00:47:55.126] [WARN] custom - Path: /favicon.ico, Method: GET
[2022-06-23T00:47:55.346] [WARN] custom - Path: /favicon.ico, Method: GET
[2022-06-23T00:47:55.616] [WARN] custom - Path: /favicon.ico, Method: GET
[2022-06-23T00:47:55.762] [WARN] custom - Path: /favicon.ico, Method: GET
[2022-06-23T00:47:55.944] [WARN] custom - Path: /favicon.ico, Method: GET
[2022-06-23T00:47:56.119] [WARN] custom - Path: /favicon.ico, Method: GET
[2022-06-23T00:47:56.234] [WARN] custom - Path: /favicon.ico, Method: GET
[2022-06-23T00:47:56.488] [WARN] custom - Path: /favicon.ico, Method: GET
[2022-06-23T00:47:57.880] [WARN] custom - Path: /favicon.ico, Method: GET
[2022-06-23T00:48:14.307] [WARN] custom - Path: /favicon.ico, Method: GET
[2022-06-23T00:48:21.996] [WARN] custom - Path: /favicon.ico, Method: GET
[2022-06-23T00:48:22.179] [WARN] custom - Path: /favicon.ico, Method: GET
[2022-06-23T00:48:24.029] [WARN] custom - Path: /favicon.ico, Method: GET
[2022-06-23T00:48:24.151] [WARN] custom - Path: /favicon.ico, Method: GET
[2022-06-23T00:48:32.833] [WARN] custom - Path: /favicon.ico, Method: GET
[2022-06-23T00:48:33.650] [WARN] custom - Path: /favicon.ico, Method: GET
[2022-06-23T00:48:42.465] [WARN] custom - Path: /favicon.ico, Method: GET
[2022-06-23T00:48:42.574] [WARN] custom - Path: /favicon.ico, Method: GET
[2022-06-23T00:48:42.827] [WARN] custom - Path: /favicon.ico, Method: GET
[2022-06-23T00:48:43.316] [WARN] custom - Path: /favicon.ico, Method: GET
[2022-06-23T00:48:45.568] [WARN] custom - Path: /favicon.ico, Method: GET
[2022-06-23T00:48:49.020] [WARN] custom - Path: /favicon.ico, Method: GET
